[0.170s] DEBUG:colcon:Command line arguments: ['/usr/bin/colcon', 'list', '-p', '--base-paths', '/home/kensuke/programming/c-c++/algebra']
[0.170s] DEBUG:colcon:Parsed command line arguments: Namespace(base_paths=['/home/kensuke/programming/c-c++/algebra'], build_base='build', ignore_user_meta=False, log_base=None, log_level=None, main=<bound method ListVerb.main of <colcon_package_information.verb.list.ListVerb object at 0x7f2e6c9a7cd0>>, metas=['./colcon.meta'], names_only=False, packages_above=None, packages_above_and_dependencies=None, packages_above_depth=None, packages_end=None, packages_ignore=None, packages_ignore_regex=None, packages_select=None, packages_select_build_failed=False, packages_select_by_dep=None, packages_select_regex=None, packages_select_test_failures=False, packages_skip=None, packages_skip_build_finished=False, packages_skip_by_dep=None, packages_skip_regex=None, packages_skip_test_passed=False, packages_skip_up_to=None, packages_start=None, packages_up_to=None, packages_up_to_regex=None, paths=None, paths_only=True, topological_graph=False, topological_graph_density=False, topological_graph_dot=False, topological_graph_dot_cluster=False, topological_graph_dot_include_skipped=False, topological_graph_legend=False, topological_order=False, verb_extension=<colcon_package_information.verb.list.ListVerb object at 0x7f2e6c9a7cd0>, verb_name='list', verb_parser=<colcon_defaults.argument_parser.defaults.DefaultArgumentsDecorator object at 0x7f2e6c850640>)
[0.223s] Level 1:colcon.colcon_core.package_discovery:discover_packages(colcon_meta) check parameters
[0.224s] Level 1:colcon.colcon_core.package_discovery:discover_packages(recursive) check parameters
[0.224s] Level 1:colcon.colcon_core.package_discovery:discover_packages(ignore) check parameters
[0.224s] Level 1:colcon.colcon_core.package_discovery:discover_packages(path) check parameters
[0.224s] Level 1:colcon.colcon_core.package_discovery:discover_packages(recursive) discover
[0.224s] INFO:colcon.colcon_core.package_discovery:Crawling recursively for packages in '/home/kensuke/programming/c-c++/algebra'
[0.224s] Level 1:colcon.colcon_core.package_identification:_identify(/home/kensuke/programming/c-c++/algebra) by extensions ['ignore', 'ignore_ament_install']
[0.224s] Level 1:colcon.colcon_core.package_identification:_identify(/home/kensuke/programming/c-c++/algebra) by extension 'ignore'
[0.224s] Level 1:colcon.colcon_core.package_identification:_identify(/home/kensuke/programming/c-c++/algebra) by extension 'ignore_ament_install'
[0.225s] Level 1:colcon.colcon_core.package_identification:_identify(/home/kensuke/programming/c-c++/algebra) by extensions ['colcon_pkg']
[0.225s] Level 1:colcon.colcon_core.package_identification:_identify(/home/kensuke/programming/c-c++/algebra) by extension 'colcon_pkg'
[0.225s] Level 1:colcon.colcon_core.package_identification:_identify(/home/kensuke/programming/c-c++/algebra) by extensions ['colcon_meta']
[0.225s] Level 1:colcon.colcon_core.package_identification:_identify(/home/kensuke/programming/c-c++/algebra) by extension 'colcon_meta'
[0.225s] Level 1:colcon.colcon_core.package_identification:_identify(/home/kensuke/programming/c-c++/algebra) by extensions ['ros']
[0.225s] Level 1:colcon.colcon_core.package_identification:_identify(/home/kensuke/programming/c-c++/algebra) by extension 'ros'
[0.240s] Level 1:colcon.colcon_core.package_identification:_identify(/home/kensuke/programming/c-c++/algebra) by extensions ['cmake', 'python']
[0.241s] Level 1:colcon.colcon_core.package_identification:_identify(/home/kensuke/programming/c-c++/algebra) by extension 'cmake'
[0.241s] Level 1:colcon.colcon_core.package_identification:_identify(/home/kensuke/programming/c-c++/algebra) by extension 'python'
[0.241s] Level 1:colcon.colcon_core.package_identification:_identify(/home/kensuke/programming/c-c++/algebra) by extensions ['python_setup_py']
[0.241s] Level 1:colcon.colcon_core.package_identification:_identify(/home/kensuke/programming/c-c++/algebra) by extension 'python_setup_py'
[0.241s] Level 1:colcon.colcon_core.package_identification:_identify(/home/kensuke/programming/c-c++/algebra/algebra) by extensions ['ignore', 'ignore_ament_install']
[0.241s] Level 1:colcon.colcon_core.package_identification:_identify(/home/kensuke/programming/c-c++/algebra/algebra) by extension 'ignore'
[0.241s] Level 1:colcon.colcon_core.package_identification:_identify(/home/kensuke/programming/c-c++/algebra/algebra) by extension 'ignore_ament_install'
[0.241s] Level 1:colcon.colcon_core.package_identification:_identify(/home/kensuke/programming/c-c++/algebra/algebra) by extensions ['colcon_pkg']
[0.241s] Level 1:colcon.colcon_core.package_identification:_identify(/home/kensuke/programming/c-c++/algebra/algebra) by extension 'colcon_pkg'
[0.242s] Level 1:colcon.colcon_core.package_identification:_identify(/home/kensuke/programming/c-c++/algebra/algebra) by extensions ['colcon_meta']
[0.242s] Level 1:colcon.colcon_core.package_identification:_identify(/home/kensuke/programming/c-c++/algebra/algebra) by extension 'colcon_meta'
[0.242s] Level 1:colcon.colcon_core.package_identification:_identify(/home/kensuke/programming/c-c++/algebra/algebra) by extensions ['ros']
[0.242s] Level 1:colcon.colcon_core.package_identification:_identify(/home/kensuke/programming/c-c++/algebra/algebra) by extension 'ros'
[0.242s] Level 1:colcon.colcon_core.package_identification:_identify(/home/kensuke/programming/c-c++/algebra/algebra) by extensions ['cmake', 'python']
[0.242s] Level 1:colcon.colcon_core.package_identification:_identify(/home/kensuke/programming/c-c++/algebra/algebra) by extension 'cmake'
[0.249s] Level 1:colcon.colcon_core.package_identification:_identify(/home/kensuke/programming/c-c++/algebra/algebra) by extension 'python'
[0.249s] DEBUG:colcon.colcon_core.package_identification:Package '/home/kensuke/programming/c-c++/algebra/algebra' with type 'cmake' and name 'algebra'
[0.249s] Level 1:colcon.colcon_core.package_identification:_identify(/home/kensuke/programming/c-c++/algebra/log) by extensions ['ignore', 'ignore_ament_install']
[0.249s] Level 1:colcon.colcon_core.package_identification:_identify(/home/kensuke/programming/c-c++/algebra/log) by extension 'ignore'
[0.249s] Level 1:colcon.colcon_core.package_identification:_identify(/home/kensuke/programming/c-c++/algebra/log) ignored
[0.250s] Level 1:colcon.colcon_core.package_discovery:discover_packages(recursive) using defaults
